 MBCQPI5: BAYESIAN ANALYSIS OF CONFOUNDED DATA
 WRITTEN BY R. DANIEL MEYER, THE LUBRIZOL CORPORATION
 ALL RIGHTS RESERVED;    JUNE 1996
 ----------------------------------------------------------------------------------------------------
0X-MATRIX
 --------
   1  -1.000  -1.000   1.000  -1.000   1.000   1.000  -1.000  -1.000   1.000   1.000  -1.000   1.000  -1.000  -1.000   1.000
   2   1.000  -1.000  -1.000  -1.000  -1.000   1.000   1.000  -1.000  -1.000   1.000   1.000   1.000   1.000  -1.000  -1.000
   3  -1.000   1.000  -1.000  -1.000   1.000  -1.000   1.000  -1.000   1.000  -1.000   1.000   1.000  -1.000   1.000  -1.000
   4   1.000   1.000   1.000  -1.000  -1.000  -1.000  -1.000  -1.000  -1.000  -1.000  -1.000   1.000   1.000   1.000   1.000
   5  -1.000  -1.000   1.000   1.000  -1.000  -1.000   1.000  -1.000   1.000   1.000  -1.000  -1.000   1.000   1.000  -1.000
   6   1.000  -1.000  -1.000   1.000   1.000  -1.000  -1.000  -1.000  -1.000   1.000   1.000  -1.000  -1.000   1.000   1.000
   7  -1.000   1.000  -1.000   1.000  -1.000   1.000  -1.000  -1.000   1.000  -1.000   1.000  -1.000   1.000  -1.000   1.000
   8   1.000   1.000   1.000   1.000   1.000   1.000   1.000  -1.000  -1.000  -1.000  -1.000  -1.000  -1.000  -1.000  -1.000
   9  -1.000  -1.000   1.000  -1.000   1.000   1.000  -1.000   1.000  -1.000  -1.000   1.000  -1.000   1.000   1.000  -1.000
  10   1.000  -1.000  -1.000  -1.000  -1.000   1.000   1.000   1.000   1.000  -1.000  -1.000  -1.000  -1.000   1.000   1.000
  11  -1.000   1.000  -1.000  -1.000   1.000  -1.000   1.000   1.000  -1.000   1.000  -1.000  -1.000   1.000  -1.000   1.000
  12   1.000   1.000   1.000  -1.000  -1.000  -1.000  -1.000   1.000   1.000   1.000   1.000  -1.000  -1.000  -1.000  -1.000
  13  -1.000  -1.000   1.000   1.000  -1.000  -1.000   1.000   1.000  -1.000  -1.000   1.000   1.000  -1.000  -1.000   1.000
  14   1.000  -1.000  -1.000   1.000   1.000  -1.000  -1.000   1.000   1.000  -1.000  -1.000   1.000   1.000  -1.000  -1.000
  15  -1.000   1.000  -1.000   1.000  -1.000   1.000  -1.000   1.000  -1.000   1.000  -1.000   1.000  -1.000   1.000  -1.000
  16   1.000   1.000   1.000   1.000   1.000   1.000   1.000   1.000   1.000   1.000   1.000   1.000   1.000   1.000   1.000
 ----------------------------------------------------------------------------------------------------
0Y-VECTOR
 --------
   1     0.0800
   2     0.0400
   3     0.5300
   4     0.4300
   5     0.3100
   6     0.0900
   7     0.1200
   8     0.3600
   9     0.7900
  10     0.6800
  11     0.7300
  12     0.0800
  13     0.7700
  14     0.3800
  15     0.4900
  16     0.2300
 ----------------------------------------------------------------------------------------------------
0NO. OF   NO. OF  NO. OF            MAX ORDER     MAX NO. OF     TOTAL NO. OF
 RUNS     FACTORS  BLOCKS    PI    INTERACTION   ACTIVE FACTORS     MODELS
  16        15       0     0.200        1             15             32768

 GAMMA=    1.220 TO    3.740 BY 0.2800 INCREMENTS
 ----------------------------------------------------------------------------------------------------
 ----------------------------------------------------------------------------------------------------
0     GAMMA            PGAM
      1.220    0.833245E+01  +******************* +
      1.500    0.597309E+01  +**************      +
      1.780    0.458638E+01  +***********         +
      2.060    0.372786E+01  +********            +
      2.340    0.316595E+01  +*******             +
      2.620    0.277893E+01  +******              +
      2.900    0.250048E+01  +******              +
      3.180    0.229274E+01  +*****               +
      3.460    0.213302E+01  +*****               +
      3.740    0.200707E+01  +****                +
 ----------------------------------------------------------------------------------------------------
1POSTERIOR PROBABILITIES WEIGHT-AVERAGED OVER GAMMA
 FACTOR     POST. PROB.
 NONE         0.266  +*****               +
    1         0.206  +****                +
    2         0.033  +                    +
    3         0.032  +                    +
    4         0.054  +*                   +
    5         0.035  +                    +
    6         0.048  +                    +
    7         0.128  +**                  +
    8         0.435  +********            +
    9         0.148  +**                  +
   10         0.364  +*******             +
   11         0.073  +*                   +
   12         0.034  +                    +
   13         0.032  +                    +
   14         0.096  +*                   +
   15         0.033  +                    +
 ----------------------------------------------------------------------------------------------------
0           POSTERIOR PROBABILITIES FOR EACH GAMMA VALUE

 FACTOR      1.22      1.50      1.78      2.06      2.34      2.62      2.90      3.18      3.46      3.74
 NONE       0.120     0.167     0.218     0.268     0.316     0.360     0.400     0.436     0.469     0.498
    1       0.314     0.271     0.228     0.190     0.159     0.134     0.115     0.099     0.086     0.076
    2       0.049     0.041     0.035     0.030     0.027     0.024     0.022     0.020     0.018     0.017
    3       0.048     0.039     0.034     0.029     0.026     0.023     0.021     0.019     0.018     0.016
    4       0.074     0.066     0.059     0.053     0.048     0.042     0.037     0.032     0.028     0.025
    5       0.051     0.043     0.037     0.032     0.028     0.026     0.023     0.021     0.019     0.018
    6       0.066     0.057     0.051     0.047     0.042     0.038     0.034     0.030     0.027     0.024
    7       0.196     0.170     0.143     0.119     0.099     0.083     0.070     0.060     0.052     0.045
    8       0.588     0.531     0.473     0.420     0.374     0.335     0.302     0.274     0.250     0.230
    9       0.228     0.197     0.164     0.136     0.113     0.095     0.080     0.069     0.060     0.052
   10       0.513     0.456     0.399     0.348     0.304     0.267     0.237     0.212     0.191     0.173
   11       0.104     0.093     0.082     0.071     0.061     0.052     0.045     0.039     0.034     0.030
   12       0.050     0.041     0.035     0.031     0.027     0.024     0.022     0.020     0.019     0.017
   13       0.048     0.040     0.034     0.029     0.026     0.023     0.021     0.019     0.018     0.016
   14       0.142     0.125     0.107     0.091     0.076     0.064     0.055     0.047     0.041     0.035
   15       0.049     0.040     0.034     0.030     0.026     0.024     0.021     0.020     0.018     0.017
 ----------------------------------------------------------------------------------------------------
